=== EMOPIA Dataset Downloader ===
Target directory: ./data/raw/EMOPIA
Downloading EMOPIA 2.2 from Zenodo...

     0K .......... .......... .......... .......... ..........  0%  174K 3m0s
    50K .......... .......... .......... .......... ..........  0%  372K 2m12s
   100K .......... .......... .......... .......... ..........  0% 47.0M 88s
   150K .......... .......... .......... .......... ..........  0%  377K 86s
   200K .......... .......... .......... .......... ..........  0% 48.2M 69s
   250K .......... .......... .......... .......... ..........  0% 40.5M 58s
   300K .......... .......... .......... .......... ..........  1% 3.34M 51s
   350K .......... .......... .......... .......... ..........  1%  422K 53s
   400K .......... .......... .......... .......... ..........  1% 47.5M 47s
   450K .......... .......... .......... .......... ..........  1% 42.6M 43s
   500K .......... .......... .......... .......... ..........  1% 37.5M 39s
   550K .......... .......... .......... .......... ..........  1% 41.0M 36s
   600K .......... .......... .......... .......... ..........  2% 54.4M 33s
   650K .......... .......... .......... .......... ..........  2% 4.35M 31s
   700K .......... .......... .......... .......... ..........  2% 53.6M 29s
   750K .......... .......... .......... .......... ..........  2%  411K 32s
   800K .......... .......... .......... .......... ..........  2% 51.6M 30s
   850K .......... .......... .......... .......... ..........  2% 39.1M 28s
   900K .......... .......... .......... .......... ..........  3% 1.25M 28s
   950K .......... .......... .......... .......... ..........  3%  934K 28s
  1000K .......... .......... .......... .......... ..........  3% 1.15M 28s
  1050K .......... .......... .......... .......... ..........  3% 1.18M 28s
  1100K .......... .......... .......... .......... ..........  3% 1.31M 27s
  1150K .......... .......... .......... .......... ..........  3% 1.54M 27s
  1200K .......... .......... .......... .......... ..........  3% 2.42M 26s
  1250K .......... .......... .......... .......... ..........  4% 1.33M 26s
  1300K .......... .......... .......... .......... ..........  4% 2.40M 26s
  1350K .......... .......... .......... .......... ..........  4% 2.94M 25s
  1400K .......... .......... .......... .......... ..........  4% 1.68M 25s
  1450K .......... .......... .......... .......... ..........  4% 4.04M 24s
  1500K .......... .......... .......... .......... ..........  4% 2.50M 24s
  1550K .......... .......... .......... .......... ..........  5% 1.52M 24s
  1600K .......... .......... .......... .......... ..........  5% 5.22M 23s
  1650K .......... .......... .......... .......... ..........  5% 1.73M 23s
  1700K .......... .......... .......... .......... ..........  5% 2.98M 22s
  1750K .......... .......... .......... .......... ..........  5% 1.77M 22s
  1800K .......... .......... .......... .......... ..........  5% 40.4M 21s
  1850K .......... .......... .......... .......... ..........  6% 3.23M 21s
  1900K .......... .......... .......... .......... ..........  6% 2.47M 21s
  1950K .......... .......... .......... .......... ..........  6% 1.88M 21s
  2000K .......... .......... .......... .......... ..........  6% 1.86M 20s
  2050K .......... .......... .......... .......... ..........  6% 1.84M 20s
  2100K .......... .......... .......... .......... ..........  6% 1.38M 20s
  2150K .......... .......... .......... .......... ..........  7%  975K 21s
  2200K .......... .......... .......... .......... ..........  7%  905K 21s
  2250K .......... .......... .......... .......... ..........  7%  954K 21s
  2300K .......... .......... .......... .......... ..........  7% 1.05M 21s
  2350K .......... .......... .......... .......... ..........  7%  923K 21s
  2400K .......... .......... .......... .......... ..........  7% 1.12M 21s
  2450K .......... .......... .......... .......... ..........  7% 1.12M 21s
  2500K .......... .......... .......... .......... ..........  8% 1.07M 21s
  2550K .......... .......... .......... .......... ..........  8% 1.48M 21s
  2600K .......... .......... .......... .......... ..........  8% 1.78M 21s
  2650K .......... .......... .......... .......... ..........  8%  899K 21s
  2700K .......... .......... .......... .......... ..........  8% 1.32M 21s
  2750K .......... .......... .......... .......... ..........  8% 4.65M 21s
  2800K .......... .......... .......... .......... ..........  9% 1.35M 21s
  2850K .......... .......... .......... .......... ..........  9% 1.27M 21s
  2900K .......... .......... .......... .......... ..........  9%  627K 21s
  2950K .......... .......... .......... .......... ..........  9%  772K 21s
  3000K .......... .......... .......... .......... ..........  9%  574K 22s
  3050K .......... .......... .......... .......... ..........  9%  846K 22s
  3100K .......... .......... .......... .......... .......... 10%  683K 22s
  3150K .......... .......... .......... .......... .......... 10%  935K 22s
  3200K .......... .......... .......... .......... .......... 10% 1.05M 22s
  3250K .......... .......... .......... .......... .......... 10% 1.38M 22s
  3300K .......... .......... .......... .......... .......... 10% 1.80M 22s
  3350K .......... .......... .......... .......... .......... 10% 1.36M 22s
  3400K .......... .......... .......... .......... .......... 10% 1.47M 22s
  3450K .......... .......... .......... .......... .......... 11% 1.86M 22s
  3500K .......... .......... .......... .......... .......... 11% 1.64M 22s
  3550K .......... .......... .......... .......... .......... 11% 1.56M 22s
  3600K .......... .......... .......... .......... .......... 11% 2.36M 21s
  3650K .......... .......... .......... .......... .......... 11% 1.44M 21s
  3700K .......... .......... .......... .......... .......... 11%  773K 22s
  3750K .......... .......... .......... .......... .......... 12% 2.21M 21s
  3800K .......... .......... .......... .......... .......... 12% 1.06M 21s
  3850K .......... .......... .......... .......... .......... 12% 1.31M 21s
  3900K .......... .......... .......... .......... .......... 12% 1.32M 21s
  3950K .......... .......... .......... .......... .......... 12% 1.11M 21s
  4000K .......... .......... .......... .......... .......... 12% 1.25M 21s
  4050K .......... .......... .......... .......... .......... 13%  852K 21s
  4100K .......... .......... .......... .......... .......... 13% 2.20M 21s
  4150K .......... .......... .......... .......... .......... 13% 1.36M 21s
  4200K .......... .......... .......... .......... .......... 13% 1.74M 21s
  4250K .......... .......... .......... .......... .......... 13% 1.61M 21s
  4300K .......... .......... .......... .......... .......... 13% 1.37M 21s
  4350K .......... .......... .......... .......... .......... 14% 1.52M 21s
  4400K .......... .......... .......... .......... .......... 14% 1.68M 21s
  4450K .......... .......... .......... .......... .......... 14% 1.21M 21s
  4500K .......... .......... .......... .......... .......... 14% 1.52M 21s
  4550K .......... .......... .......... .......... .......... 14% 1.18M 21s
  4600K .......... .......... .......... .......... .......... 14% 1.64M 21s
  4650K .......... .......... .......... .......... .......... 14% 2.00M 20s
  4700K .......... .......... .......... .......... .......... 15% 1.71M 20s
  4750K .......... .......... .......... .......... .......... 15% 3.12M 20s
  4800K .......... .......... .......... .......... .......... 15% 2.73M 20s
  4850K .......... .......... .......... .......... .......... 15% 2.58M 20s
  4900K .......... .......... .......... .......... .......... 15% 1.77M 20s
  4950K .......... .......... .......... .......... .......... 15% 2.63M 20s
  5000K .......... .......... .......... .......... .......... 16% 2.41M 19s
  5050K .......... .......... .......... .......... .......... 16% 5.20M 19s
  5100K .......... .......... .......... .......... .......... 16% 1.30M 19s
  5150K .......... .......... .......... .......... .......... 16% 16.7M 19s
  5200K .......... .......... .......... .......... .......... 16% 1.30M 19s
  5250K .......... .......... .......... .......... .......... 16% 1.40M 19s
  5300K .......... .......... .......... .......... .......... 17% 1.82M 19s
  5350K .......... .......... .......... .......... .......... 17% 1.03M 19s
  5400K .......... .......... .......... .......... .......... 17%  694K 19s
  5450K .......... .......... .......... .......... .......... 17%  992K 19s
  5500K .......... .......... .......... .......... .......... 17%  958K 19s
  5550K .......... .......... .......... .......... .......... 17% 1.14M 19s
  5600K .......... .......... .......... .......... .......... 18% 1.12M 19s
  5650K .......... .......... .......... .......... .......... 18% 1.58M 19s
  5700K .......... .......... .......... .......... .......... 18%  967K 19s
  5750K .......... .......... .......... .......... .......... 18%  986K 19s
  5800K .......... .......... .......... .......... .......... 18% 1.67M 19s
  5850K .......... .......... .......... .......... .......... 18% 1.53M 19s
  5900K .......... .......... .......... .......... .......... 18% 1.58M 19s
  5950K .......... .......... .......... .......... .......... 19% 2.06M 19s
  6000K .......... .......... .......... .......... .......... 19% 1.65M 19s
  6050K .......... .......... .......... .......... .......... 19% 1.67M 19s
  6100K .......... .......... .......... .......... .......... 19% 1.03M 19s
  6150K .......... .......... .......... .......... .......... 19% 1.36M 19s
  6200K .......... .......... .......... .......... .......... 19% 1.43M 19s
  6250K .......... .......... .......... .......... .......... 20% 1.74M 19s
  6300K .......... .......... .......... .......... .......... 20% 1.29M 18s
  6350K .......... .......... .......... .......... .......... 20% 1.40M 18s
  6400K .......... .......... .......... .......... .......... 20% 1.51M 18s
  6450K .......... .......... .......... .......... .......... 20% 1.80M 18s
  6500K .......... .......... .......... .......... .......... 20% 2.01M 18s
  6550K .......... .......... .......... .......... .......... 21% 1.74M 18s
  6600K .......... .......... .......... .......... .......... 21% 1.12M 18s
  6650K .......... .......... .......... .......... .......... 21%  932K 18s
  6700K .......... .......... .......... .......... .......... 21%  877K 18s
  6750K .......... .......... .......... .......... .......... 21%  758K 18s
  6800K .......... .......... .......... .......... .......... 21%  650K 18s
  6850K .......... .......... .......... .......... .......... 21%  782K 18s
  6900K .......... .......... .......... .......... .......... 22% 1.28M 18s
  6950K .......... .......... .......... .......... .......... 22% 1.95M 18s
  7000K .......... .......... .......... .......... .......... 22% 1.82M 18s
  7050K .......... .......... .......... .......... .......... 22% 1.82M 18s
  7100K .......... .......... .......... .......... .......... 22% 2.67M 18s
  7150K .......... .......... .......... .......... .......... 22% 2.84M 18s
  7200K .......... .......... .......... .......... .......... 23% 1.85M 18s
  7250K .......... .......... .......... .......... .......... 23% 2.41M 18s
  7300K .......... .......... .......... .......... .......... 23% 2.97M 18s
  7350K .......... .......... .......... .......... .......... 23% 3.18M 18s
  7400K .......... .......... .......... .......... .......... 23% 3.56M 17s
  7450K .......... .......... .......... .......... .......... 23% 2.18M 17s
  7500K .......... .......... .......... .......... .......... 24% 3.07M 17s
  7550K .......... .......... .......... .......... .......... 24% 2.56M 17s
  7600K .......... .......... .......... .......... .......... 24% 1.90M 17s
  7650K .......... .......... .......... .......... .......... 24% 3.03M 17s
  7700K .......... .......... .......... .......... .......... 24% 2.77M 17s
  7750K .......... .......... .......... .......... .......... 24% 3.89M 17s
  7800K .......... .......... .......... .......... .......... 25% 2.09M 17s
  7850K .......... .......... .......... .......... .......... 25% 2.57M 17s
  7900K .......... .......... .......... .......... .......... 25% 3.26M 17s
  7950K .......... .......... .......... .......... .......... 25% 2.79M 16s
  8000K .......... .......... .......... .......... .......... 25% 2.04M 16s
  8050K .......... .......... .......... .......... .......... 25% 2.94M 16s
  8100K .......... .......... .......... .......... .......... 25% 2.84M 16s
  8150K .......... .......... .......... .......... .......... 26% 2.80M 16s
  8200K .......... .......... .......... .......... .......... 26% 1.45M 16s
  8250K .......... .......... .......... .......... .......... 26%  822K 16s
  8300K .......... .......... .......... .......... .......... 26% 2.48M 16s
  8350K .......... .......... .......... .......... .......... 26%  968K 16s
  8400K .......... .......... .......... .......... .......... 26% 1.40M 16s
  8450K .......... .......... .......... .......... .......... 27%  814K 16s
  8500K .......... .......... .......... .......... .......... 27%  950K 16s
  8550K .......... .......... .......... .......... .......... 27%  601K 16s
  8600K .......... .......... .......... .......... .......... 27%  426K 16s
  8650K .......... .......... .......... .......... .......... 27%  552K 16s
  8700K .......... .......... .......... .......... .......... 27%  607K 17s
  8750K .......... .......... .......... .......... .......... 28%  735K 17s
  8800K .......... .......... .......... .......... .......... 28%  902K 17s
  8850K .......... .......... .......... .......... .......... 28% 1.34M 17s
  8900K .......... .......... .......... .......... .......... 28% 1.36M 17s
  8950K .......... .......... .......... .......... .......... 28% 1.58M 16s
  9000K .......... .......... .......... .......... .......... 28% 1.33M 16s
  9050K .......... .......... .......... .......... .......... 29% 1.30M 16s
  9100K .......... .......... .......... .......... .......... 29% 3.61M 16s
  9150K .......... .......... .......... .......... .......... 29% 1.76M 16s
  9200K .......... .......... .......... .......... .......... 29% 2.86M 16s
  9250K .......... .......... .......... .......... .......... 29% 1.55M 16s
  9300K .......... .......... .......... .......... .......... 29% 1.11M 16s
  9350K .......... .......... .......... .......... .......... 29% 2.41M 16s
  9400K .......... .......... .......... .......... .......... 30% 1.41M 16s
  9450K .......... .......... .......... .......... .......... 30% 1.89M 16s
  9500K .......... .......... .......... .......... .......... 30% 1.83M 16s
  9550K .......... .......... .......... .......... .......... 30% 1.92M 16s
  9600K .......... .......... .......... .......... .......... 30% 2.39M 16s
  9650K .......... .......... .......... .......... .......... 30% 1.89M 16s
  9700K .......... .......... .......... .......... .......... 31% 4.72M 16s
  9750K .......... .......... .......... .......... .......... 31% 1.86M 16s
  9800K .......... .......... .......... .......... .......... 31% 2.70M 15s
  9850K .......... .......... .......... .......... .......... 31% 5.77M 15s
  9900K .......... .......... .......... .......... .......... 31% 1.46M 15s
  9950K .......... .......... .......... .......... .......... 31% 1.15M 15s
 10000K .......... .......... .......... .......... .......... 32% 33.1M 15s
 10050K .......... .......... .......... .......... .......... 32% 3.17M 15s
 10100K .......... .......... .......... .......... .......... 32% 1.93M 15s
 10150K .......... .......... .......... .......... .......... 32% 1.54M 15s
 10200K .......... .......... .......... .......... .......... 32% 4.84M 15s
 10250K .......... .......... .......... .......... .......... 32% 2.78M 15s
 10300K .......... .......... .......... .......... .......... 32% 3.29M 15s
 10350K .......... .......... .......... .......... .......... 33% 2.13M 15s
 10400K .......... .......... .......... .......... .......... 33% 1.31M 15s
 10450K .......... .......... .......... .......... .......... 33% 2.40M 15s
 10500K .......... .......... .......... .......... .......... 33% 1.60M 15s
 10550K .......... .......... .......... .......... .......... 33% 1.95M 15s
 10600K .......... .......... .......... .......... .......... 33% 1.80M 14s
 10650K .......... .......... .......... .......... .......... 34% 2.13M 14s
 10700K .......... .......... .......... .......... .......... 34% 1.48M 14s
 10750K .......... .......... .......... .......... .......... 34% 3.12M 14s
 10800K .......... .......... .......... .......... .......... 34% 1.73M 14s
 10850K .......... .......... .......... .......... .......... 34% 1.10M 14s
 10900K .......... .......... .......... .......... .......... 34% 1.24M 14s
 10950K .......... .......... .......... .......... .......... 35% 1.20M 14s
 11000K .......... .......... .......... .......... .......... 35% 1.21M 14s
 11050K .......... .......... .......... .......... .......... 35%  698K 14s
 11100K .......... .......... .......... .......... .......... 35% 1.14M 14s
 11150K .......... .......... .......... .......... .......... 35% 1.06M 14s
 11200K .......... .......... .......... .......... .......... 35% 1.28M 14s
 11250K .......... .......... .......... .......... .......... 36% 2.19M 14s
 11300K .......... .......... .......... .......... .......... 36% 1.73M 14s
 11350K .......... .......... .......... .......... .......... 36% 1.58M 14s
 11400K .......... .......... .......... .......... .......... 36% 2.67M 14s
 11450K .......... .......... .......... .......... .......... 36% 2.40M 14s
 11500K .......... .......... .......... .......... .......... 36% 2.45M 14s
 11550K .......... .......... .......... .......... .......... 36% 1.65M 14s
 11600K .......... .......... .......... .......... .......... 37% 1.61M 14s
 11650K .......... .......... .......... .......... .......... 37% 2.41M 14s
 11700K .......... .......... .......... .......... .......... 37% 1.07M 14s
 11750K .......... .......... .......... .......... .......... 37% 1.22M 14s
 11800K .......... .......... .......... .......... .......... 37% 1.41M 14s
 11850K .......... .......... .......... .......... .......... 37% 1.15M 14s
 11900K .......... .......... .......... .......... .......... 38% 1006K 14s
 11950K .......... .......... .......... .......... .......... 38% 1.02M 14s
 12000K .......... .......... .......... .......... .......... 38% 1.40M 13s
 12050K .......... .......... .......... .......... .......... 38% 1.78M 13s
 12100K .......... .......... .......... .......... .......... 38% 1.53M 13s
 12150K .......... .......... .......... .......... .......... 38% 1.46M 13s
 12200K .......... .......... .......... .......... .......... 39% 1.22M 13s
 12250K .......... .......... .......... .......... .......... 39% 1.40M 13s
 12300K .......... .......... .......... .......... .......... 39% 2.70M 13s
 12350K .......... .......... .......... .......... .......... 39% 1.83M 13s
 12400K .......... .......... .......... .......... .......... 39% 1.71M 13s
 12450K .......... .......... .......... .......... .......... 39% 1.27M 13s
 12500K .......... .......... .......... .......... .......... 40% 1.71M 13s
 12550K .......... .......... .......... .......... .......... 40% 3.06M 13s
 12600K .......... .......... .......... .......... .......... 40% 1.28M 13s
 12650K .......... .......... .......... .......... .......... 40% 2.45M 13s
 12700K .......... .......... .......... .......... .......... 40% 2.63M 13s
 12750K .......... .......... .......... .......... .......... 40% 1020K 13s
 12800K .......... .......... .......... .......... .......... 40% 1.44M 13s
 12850K .......... .......... .......... .......... .......... 41% 1.16M 13s
 12900K .......... .......... .......... .......... .......... 41% 1.73M 13s
 12950K .......... .......... .......... .......... .......... 41% 1.22M 13s
 13000K .......... .......... .......... .......... .......... 41%  725K 13s
 13050K .......... .......... .......... .......... .......... 41% 1.10M 13s
 13100K .......... .......... .......... .......... .......... 41% 1.02M 13s
 13150K .......... .......... .......... .......... .......... 42% 1.12M 13s
 13200K .......... .......... .......... .......... .......... 42% 1.28M 13s
 13250K .......... .......... .......... .......... .......... 42% 1.02M 13s
 13300K .......... .......... .......... .......... .......... 42%  765K 13s
 13350K .......... .......... .......... .......... .......... 42% 1.33M 13s
 13400K .......... .......... .......... .......... .......... 42% 1.78M 13s
 13450K .......... .......... .......... .......... .......... 43% 1.82M 13s
 13500K .......... .......... .......... .......... .......... 43% 1.85M 12s
 13550K .......... .......... .......... .......... .......... 43% 2.02M 12s
 13600K .......... .......... .......... .......... .......... 43% 1.50M 12s
 13650K .......... .......... .......... .......... .......... 43% 2.57M 12s
 13700K .......... .......... .......... .......... .......... 43% 1.14M 12s
 13750K .......... .......... .......... .......... .......... 43% 1.37M 12s
 13800K .......... .......... .......... .......... .......... 44% 1.55M 12s
 13850K .......... .......... .......... .......... .......... 44% 1.19M 12s
 13900K .......... .......... .......... .......... .......... 44% 2.31M 12s
 13950K .......... .......... .......... .......... .......... 44% 1.41M 12s
 14000K .......... .......... .......... .......... .......... 44% 1.09M 12s
 14050K .......... .......... .......... .......... .......... 44% 1.35M 12s
 14100K .......... .......... .......... .......... .......... 45% 1.25M 12s
 14150K .......... .......... .......... .......... .......... 45% 1.07M 12s
 14200K .......... .......... .......... .......... .......... 45% 1.54M 12s
 14250K .......... .......... .......... .......... .......... 45% 1.58M 12s
 14300K .......... .......... .......... .......... .......... 45% 1.35M 12s
 14350K .......... .......... .......... .......... .......... 45% 1.59M 12s
 14400K .......... .......... .......... .......... .......... 46% 1.81M 12s
 14450K .......... .......... .......... .......... .......... 46% 1.19M 12s
 14500K .......... .......... .......... .......... .......... 46%  734K 12s
 14550K .......... .......... .......... .......... .......... 46% 1.01M 12s
 14600K .......... .......... .......... .......... .......... 46% 1.18M 12s
 14650K .......... .......... .......... .......... .......... 46% 1.42M 12s
 14700K .......... .......... .......... .......... .......... 47% 1.35M 12s
 14750K .......... .......... .......... .......... .......... 47% 1.41M 12s
 14800K .......... .......... .......... .......... .......... 47%  668K 12s
 14850K .......... .......... .......... .......... .......... 47%  758K 12s
 14900K .......... .......... .......... .......... .......... 47% 1.08M 12s
 14950K .......... .......... .......... .......... .......... 47% 1.42M 12s
 15000K .......... .......... .......... .......... .......... 47% 1.60M 12s
 15050K .......... .......... .......... .......... .......... 48%  816K 12s
 15100K .......... .......... .......... .......... .......... 48%  852K 12s
 15150K .......... .......... .......... .......... .......... 48%  808K 12s
 15200K .......... .......... .......... .......... .......... 48% 1.07M 11s
 15250K .......... .......... .......... .......... .......... 48% 1.17M 11s
 15300K .......... .......... .......... .......... .......... 48% 1.11M 11s
 15350K .......... .......... .......... .......... .......... 49% 1.39M 11s
 15400K .......... .......... .......... .......... .......... 49% 1.59M 11s
 15450K .......... .......... .......... .......... .......... 49% 1.97M 11s
 15500K .......... .......... .......... .......... .......... 49% 2.18M 11s
 15550K .......... .......... .......... .......... .......... 49% 2.40M 11s
 15600K .......... .......... .......... .......... .......... 49% 2.17M 11s
 15650K .......... .......... .......... .......... .......... 50% 2.87M 11s
 15700K .......... .......... .......... .......... .......... 50% 2.02M 11s
 15750K .......... .......... .......... .......... .......... 50% 3.32M 11s
 15800K .......... .......... .......... .......... .......... 50% 1.94M 11s
 15850K .......... .......... .......... .......... .......... 50% 2.54M 11s
 15900K .......... .......... .......... .......... .......... 50% 1.89M 11s
 15950K .......... .......... .......... .......... .......... 51% 1.70M 11s
 16000K .......... .......... .......... .......... .......... 51% 2.30M 11s
 16050K .......... .......... .......... .......... .......... 51% 1.24M 11s
 16100K .......... .......... .......... .......... .......... 51% 1.10M 11s
 16150K .......... .......... .......... .......... .......... 51% 1.16M 11s
 16200K .......... .......... .......... .......... .......... 51% 1.13M 11s
 16250K .......... .......... .......... .......... .......... 51% 1.23M 11s
 16300K .......... .......... .......... .......... .......... 52% 1.22M 11s
 16350K .......... .......... .......... .......... .......... 52% 1.82M 11s
 16400K .......... .......... .......... .......... .......... 52% 1.74M 11s
 16450K .......... .......... .......... .......... .......... 52% 1.73M 10s
 16500K .......... .......... .......... .......... .......... 52% 2.08M 10s
 16550K .......... .......... .......... .......... .......... 52% 2.52M 10s
 16600K .......... .......... .......... .......... .......... 53% 2.88M 10s
 16650K .......... .......... .......... .......... .......... 53% 1.98M 10s
 16700K .......... .......... .......... .......... .......... 53% 4.71M 10s
 16750K .......... .......... .......... .......... .......... 53% 3.05M 10s
 16800K .......... .......... .......... .......... .......... 53% 2.95M 10s
 16850K .......... .......... .......... .......... .......... 53% 3.59M 10s
 16900K .......... .......... .......... .......... .......... 54% 2.80M 10s
 16950K .......... .......... .......... .......... .......... 54% 5.24M 10s
 17000K .......... .......... .......... .......... .......... 54% 2.72M 10s
 17050K .......... .......... .......... .......... .......... 54% 2.73M 10s
 17100K .......... .......... .......... .......... .......... 54% 2.93M 10s
 17150K .......... .......... .......... .......... .......... 54% 2.55M 10s
 17200K .......... .......... .......... .......... .......... 54% 1.60M 10s
 17250K .......... .......... .......... .......... .......... 55% 1.83M 10s
 17300K .......... .......... .......... .......... .......... 55% 1.06M 10s
 17350K .......... .......... .......... .......... .......... 55% 1.15M 10s
 17400K .......... .......... .......... .......... .......... 55% 1.27M 10s
 17450K .......... .......... .......... .......... .......... 55%  725K 10s
 17500K .......... .......... .......... .......... .......... 55% 1.45M 10s
 17550K .......... .......... .......... .......... .......... 56% 1.03M 10s
 17600K .......... .......... .......... .......... .......... 56% 1.12M 10s
 17650K .......... .......... .......... .......... .......... 56% 1.51M 9s
 17700K .......... .......... .......... .......... .......... 56% 1.79M 9s
 17750K .......... .......... .......... .......... .......... 56% 1.21M 9s
 17800K .......... .......... .......... .......... .......... 56% 1.40M 9s
 17850K .......... .......... .......... .......... .......... 57% 1.05M 9s
 17900K .......... .......... .......... .......... .......... 57% 1.22M 9s
 17950K .......... .......... .......... .......... .......... 57% 1.47M 9s
 18000K .......... .......... .......... .......... .......... 57% 1.04M 9s
 18050K .......... .......... .......... .......... .......... 57% 1.35M 9s
 18100K .......... .......... .......... .......... .......... 57% 1.49M 9s
 18150K .......... .......... .......... .......... .......... 58% 1.35M 9s
 18200K .......... .......... .......... .......... .......... 58%  842K 9s
 18250K .......... .......... .......... .......... .......... 58% 1003K 9s
 18300K .......... .......... .......... .......... .......... 58% 1.11M 9s
 18350K .......... .......... .......... .......... .......... 58% 1.88M 9s
 18400K .......... .......... .......... .......... .......... 58% 1.73M 9s
 18450K .......... .......... .......... .......... .......... 58% 1.06M 9s
 18500K .......... .......... .......... .......... .......... 59% 1.90M 9s
 18550K .......... .......... .......... .......... .......... 59% 1.15M 9s
 18600K .......... .......... .......... .......... .......... 59% 1.75M 9s
 18650K .......... .......... .......... .......... .......... 59% 1.44M 9s
 18700K .......... .......... .......... .......... .......... 59% 1.02M 9s
 18750K .......... .......... .......... .......... .......... 59% 1.13M 9s
 18800K .......... .......... .......... .......... .......... 60% 1.28M 9s
 18850K .......... .......... .......... .......... .......... 60% 1.21M 9s
 18900K .......... .......... .......... .......... .......... 60% 2.00M 9s
 18950K .......... .......... .......... .......... .......... 60% 1.76M 9s
 19000K .......... .......... .......... .......... .......... 60% 1.30M 9s
 19050K .......... .......... .......... .......... .......... 60% 1.27M 9s
 19100K .......... .......... .......... .......... .......... 61% 1.08M 9s
 19150K .......... .......... .......... .......... .......... 61% 1.16M 9s
 19200K .......... .......... .......... .......... .......... 61% 1.17M 8s
 19250K .......... .......... .......... .......... .......... 61% 2.18M 8s
 19300K .......... .......... .......... .......... .......... 61% 1.81M 8s
 19350K .......... .......... .......... .......... .......... 61% 2.35M 8s
 19400K .......... .......... .......... .......... .......... 62% 1.97M 8s
 19450K .......... .......... .......... .......... .......... 62% 1.77M 8s
 19500K .......... .......... .......... .......... .......... 62% 1.83M 8s
 19550K .......... .......... .......... .......... .......... 62% 1.43M 8s
 19600K .......... .......... .......... .......... .......... 62% 2.07M 8s
 19650K .......... .......... .......... .......... .......... 62% 2.76M 8s
 19700K .......... .......... .......... .......... .......... 62% 1.86M 8s
 19750K .......... .......... .......... .......... .......... 63% 1.03M 8s
 19800K .......... .......... .......... .......... .......... 63%  935K 8s
 19850K .......... .......... .......... .......... .......... 63% 1.65M 8s
 19900K .......... .......... .......... .......... .......... 63% 1.20M 8s
 19950K .......... .......... .......... .......... .......... 63% 1.01M 8s
 20000K .......... .......... .......... .......... .......... 63% 1.10M 8s
 20050K .......... .......... .......... .......... .......... 64%  986K 8s
 20100K .......... .......... .......... .......... .......... 64% 1.23M 8s
 20150K .......... .......... .......... .......... .......... 64% 1.07M 8s
 20200K .......... .......... .......... .......... .......... 64% 1.56M 8s
 20250K .......... .......... .......... .......... .......... 64% 1.97M 8s
 20300K .......... .......... .......... .......... .......... 64% 2.22M 8s
 20350K .......... .......... .......... .......... .......... 65% 1.16M 8s
 20400K .......... .......... .......... .......... .......... 65% 2.32M 8s
 20450K .......... .......... .......... .......... .......... 65%  984K 8s
 20500K .......... .......... .......... .......... .......... 65% 1003K 8s
 20550K .......... .......... .......... .......... .......... 65%  816K 8s
 20600K .......... .......... .......... .......... .......... 65%  628K 8s
 20650K .......... .......... .......... .......... .......... 65%  359K 8s
 20700K .......... .......... .......... .......... .......... 66%  864K 8s
 20750K .......... .......... .......... .......... .......... 66%  936K 7s
 20800K .......... .......... .......... .......... .......... 66% 1.23M 7s
 20850K .......... .......... .......... .......... .......... 66% 1.36M 7s
 20900K .......... .......... .......... .......... .......... 66%  865K 7s
 20950K .......... .......... .......... .......... .......... 66%  412K 7s
 21000K .......... .......... .......... .......... .......... 67%  426K 7s
 21050K .......... .......... .......... .......... .......... 67%  664K 7s
 21100K .......... .......... .......... .......... .......... 67% 1.05M 7s
 21150K .......... .......... .......... .......... .......... 67%  999K 7s
 21200K .......... .......... .......... .......... .......... 67%  996K 7s
 21250K .......... .......... .......... .......... .......... 67%  790K 7s
 21300K .......... .......... .......... .......... .......... 68%  957K 7s
 21350K .......... .......... .......... .......... .......... 68%  750K 7s
 21400K .......... .......... .......... .......... .......... 68% 1.29M 7s
 21450K .......... .......... .......... .......... .......... 68% 1.19M 7s
 21500K .......... .......... .......... .......... .......... 68% 1.93M 7s
 21550K .......... .......... .......... .......... .......... 68% 1.15M 7s
 21600K .......... .......... .......... .......... .......... 69%  639K 7s
 21650K .......... .......... .......... .......... .......... 69% 2.28M 7s
 21700K .......... .......... .......... .......... .......... 69%  868K 7s
 21750K .......... .......... .......... .......... .......... 69% 1.16M 7s
 21800K .......... .......... .......... .......... .......... 69% 1.39M 7s
 21850K .......... .......... .......... .......... .......... 69%  988K 7s
 21900K .......... .......... .......... .......... .......... 69% 1.89M 7s
 21950K .......... .......... .......... .......... .......... 70% 1.40M 7s
 22000K .......... .......... .......... .......... .......... 70% 1.38M 7s
 22050K .......... .......... .......... .......... .......... 70% 1.61M 7s
 22100K .......... .......... .......... .......... .......... 70% 1.47M 7s
 22150K .......... .......... .......... .......... .......... 70% 1.82M 7s
 22200K .......... .......... .......... .......... .......... 70% 1.60M 7s
 22250K .......... .......... .......... .......... .......... 71% 1.41M 7s
 22300K .......... .......... .......... .......... .......... 71% 1.47M 7s
 22350K .......... .......... .......... .......... .......... 71% 1.40M 7s
 22400K .......... .......... .......... .......... .......... 71% 1.37M 6s
 22450K .......... .......... .......... .......... .......... 71% 3.19M 6s
 22500K .......... .......... .......... .......... .......... 71% 1.13M 6s
 22550K .......... .......... .......... .......... .......... 72% 1.78M 6s
 22600K .......... .......... .......... .......... .......... 72% 1.24M 6s
 22650K .......... .......... .......... .......... .......... 72%  492K 6s
 22700K .......... .......... .......... .......... .......... 72%  424K 6s
 22750K .......... .......... .......... .......... .......... 72% 1.03M 6s
 22800K .......... .......... .......... .......... .......... 72% 1.08M 6s
 22850K .......... .......... .......... .......... .......... 73% 1.81M 6s
 22900K .......... .......... .......... .......... .......... 73%  853K 6s
 22950K .......... .......... .......... .......... .......... 73% 1.34M 6s
 23000K .......... .......... .......... .......... .......... 73%  655K 6s
 23050K .......... .......... .......... .......... .......... 73% 1.06M 6s
 23100K .......... .......... .......... .......... .......... 73%  896K 6s
 23150K .......... .......... .......... .......... .......... 73%  562K 6s
 23200K .......... .......... .......... .......... .......... 74% 1.04M 6s
 23250K .......... .......... .......... .......... .......... 74% 1.28M 6s
 23300K .......... .......... .......... .......... .......... 74% 1.95M 6s
 23350K .......... .......... .......... .......... .......... 74% 1.97M 6s
 23400K .......... .......... .......... .......... .......... 74% 1.93M 6s
 23450K .......... .......... .......... .......... .......... 74% 1.80M 6s
 23500K .......... .......... .......... .......... .......... 75% 1.70M 6s
 23550K .......... .......... .......... .......... .......... 75% 1.92M 6s
 23600K .......... .......... .......... .......... .......... 75% 2.26M 6s
 23650K .......... .......... .......... .......... .......... 75% 1.41M 6s
 23700K .......... .......... .......... .......... .......... 75% 1.72M 6s
 23750K .......... .......... .......... .......... .......... 75% 1.07M 6s
 23800K .......... .......... .......... .......... .......... 76% 1.97M 6s
 23850K .......... .......... .......... .......... .......... 76% 1.47M 5s
 23900K .......... .......... .......... .......... .......... 76% 1.65M 5s
 23950K .......... .......... .......... .......... .......... 76% 1.84M 5s
 24000K .......... .......... .......... .......... .......... 76% 2.01M 5s
 24050K .......... .......... .......... .......... .......... 76% 2.25M 5s
 24100K .......... .......... .......... .......... .......... 76% 3.05M 5s
 24150K .......... .......... .......... .......... .......... 77% 2.24M 5s
 24200K .......... .......... .......... .......... .......... 77% 1.73M 5s
 24250K .......... .......... .......... .......... .......... 77% 1.34M 5s
 24300K .......... .......... .......... .......... .......... 77% 1.82M 5s
 24350K .......... .......... .......... .......... .......... 77% 1.59M 5s
 24400K .......... .......... .......... .......... .......... 77% 1.51M 5s
 24450K .......... .......... .......... .......... .......... 78% 1.79M 5s
 24500K .......... .......... .......... .......... .......... 78% 2.05M 5s
 24550K .......... .......... .......... .......... .......... 78% 1.66M 5s
 24600K .......... .......... .......... .......... .......... 78% 1.42M 5s
 24650K .......... .......... .......... .......... .......... 78% 1.22M 5s
 24700K .......... .......... .......... .......... .......... 78%  509K 5s
 24750K .......... .......... .......... .......... .......... 79%  599K 5s
 24800K .......... .......... .......... .......... .......... 79%  917K 5s
 24850K .......... .......... .......... .......... .......... 79%  970K 5s
 24900K .......... .......... .......... .......... .......... 79% 1.43M 5s
 24950K .......... .......... .......... .......... .......... 79% 1.34M 5s
 25000K .......... .......... .......... .......... .......... 79% 1.08M 5s
 25050K .......... .......... .......... .......... .......... 80%  868K 5s
 25100K .......... .......... .......... .......... .......... 80%  861K 5s
 25150K .......... .......... .......... .......... .......... 80%  932K 5s
 25200K .......... .......... .......... .......... .......... 80%  652K 5s
 25250K .......... .......... .......... .......... .......... 80%  803K 4s
 25300K .......... .......... .......... .......... .......... 80%  881K 4s
 25350K .......... .......... .......... .......... .......... 80%  896K 4s
 25400K .......... .......... .......... .......... .......... 81% 1.45M 4s
 25450K .......... .......... .......... .......... .......... 81% 1.47M 4s
 25500K .......... .......... .......... .......... .......... 81% 1.17M 4s
 25550K .......... .......... .......... .......... .......... 81% 1.47M 4s
 25600K .......... .......... .......... .......... .......... 81% 1.60M 4s
 25650K .......... .......... .......... .......... .......... 81% 1.81M 4s
 25700K .......... .......... .......... .......... .......... 82% 1.77M 4s
 25750K .......... .......... .......... .......... .......... 82% 1.16M 4s
 25800K .......... .......... .......... .......... .......... 82% 2.97M 4s
 25850K .......... .......... .......... .......... .......... 82% 1.79M 4s
 25900K .......... .......... .......... .......... .......... 82% 1.19M 4s
 25950K .......... .......... .......... .......... .......... 82%  876K 4s
 26000K .......... .......... .......... .......... .......... 83% 1.18M 4s
 26050K .......... .......... .......... .......... .......... 83%  987K 4s
 26100K .......... .......... .......... .......... .......... 83% 1.13M 4s
 26150K .......... .......... .......... .......... .......... 83% 1023K 4s
 26200K .......... .......... .......... .......... .......... 83% 1.18M 4s
 26250K .......... .......... .......... .......... .......... 83% 1.20M 4s
 26300K .......... .......... .......... .......... .......... 84% 1.96M 4s
 26350K .......... .......... .......... .......... .......... 84% 1.49M 4s
 26400K .......... .......... .......... .......... .......... 84% 1.05M 4s
 26450K .......... .......... .......... .......... .......... 84% 3.75M 4s
 26500K .......... .......... .......... .......... .......... 84%  963K 4s
 26550K .......... .......... .......... .......... .......... 84%  697K 4s
 26600K .......... .......... .......... .......... .......... 84%  773K 4s
 26650K .......... .......... .......... .......... .......... 85%  984K 3s
 26700K .......... .......... .......... .......... .......... 85%  779K 3s
 26750K .......... .......... .......... .......... .......... 85% 1.04M 3s
 26800K .......... .......... .......... .......... .......... 85%  981K 3s
 26850K .......... .......... .......... .......... .......... 85% 1009K 3s
 26900K .......... .......... .......... .......... .......... 85%  816K 3s
 26950K .......... .......... .......... .......... .......... 86% 1.53M 3s
 27000K .......... .......... .......... .......... .......... 86% 1.00M 3s
 27050K .......... .......... .......... .......... .......... 86% 1.25M 3s
 27100K .......... .......... .......... .......... .......... 86% 1.05M 3s
 27150K .......... .......... .......... .......... .......... 86%  927K 3s
 27200K .......... .......... .......... .......... .......... 86%  899K 3s
 27250K .......... .......... .......... .......... .......... 87% 1.05M 3s
 27300K .......... .......... .......... .......... .......... 87%  425K 3s
 27350K .......... .......... .......... .......... .......... 87%  702K 3s
 27400K .......... .......... .......... .......... .......... 87%  672K 3s
 27450K .......... .......... .......... .......... .......... 87% 1.04M 3s
 27500K .......... .......... .......... .......... .......... 87% 1.33M 3s
 27550K .......... .......... .......... .......... .......... 87% 1.37M 3s
 27600K .......... .......... .......... .......... .......... 88% 1.58M 3s
 27650K .......... .......... .......... .......... .......... 88% 1.30M 3s
 27700K .......... .......... .......... .......... .......... 88% 1.48M 3s
 27750K .......... .......... .......... .......... .......... 88% 1.40M 3s
 27800K .......... .......... .......... .......... .......... 88% 1.64M 3s
 27850K .......... .......... .......... .......... .......... 88% 1.32M 3s
 27900K .......... .......... .......... .......... .......... 89% 2.48M 3s
 27950K .......... .......... .......... .......... .......... 89% 1.62M 3s
 28000K .......... .......... .......... .......... .......... 89% 2.22M 2s
 28050K .......... .......... .......... .......... .......... 89% 2.08M 2s
 28100K .......... .......... .......... .......... .......... 89% 2.22M 2s
 28150K .......... .......... .......... .......... .......... 89% 1.69M 2s
 28200K .......... .......... .......... .......... .......... 90% 1.34M 2s
 28250K .......... .......... .......... .......... .......... 90% 1.38M 2s
 28300K .......... .......... .......... .......... .......... 90% 1.47M 2s
 28350K .......... .......... .......... .......... .......... 90% 1.58M 2s
 28400K .......... .......... .......... .......... .......... 90% 2.57M 2s
 28450K .......... .......... .......... .......... .......... 90% 1.67M 2s
 28500K .......... .......... .......... .......... .......... 91% 2.03M 2s
 28550K .......... .......... .......... .......... .......... 91% 2.14M 2s
 28600K .......... .......... .......... .......... .......... 91% 1.95M 2s
 28650K .......... .......... .......... .......... .......... 91% 2.72M 2s
 28700K .......... .......... .......... .......... .......... 91% 1.92M 2s
 28750K .......... .......... .......... .......... .......... 91% 2.57M 2s
 28800K .......... .......... .......... .......... .......... 91% 2.08M 2s
 28850K .......... .......... .......... .......... .......... 92% 2.73M 2s
 28900K .......... .......... .......... .......... .......... 92% 1.85M 2s
 28950K .......... .......... .......... .......... .......... 92% 1.64M 2s
 29000K .......... .......... .......... .......... .......... 92% 1000K 2s
 29050K .......... .......... .......... .......... .......... 92% 1.97M 2s
 29100K .......... .......... .......... .......... .......... 92%  953K 2s
 29150K .......... .......... .......... .......... .......... 93% 1.61M 2s
 29200K .......... .......... .......... .......... .......... 93% 1.68M 2s
 29250K .......... .......... .......... .......... .......... 93% 1003K 2s
 29300K .......... .......... .......... .......... .......... 93% 1.39M 2s
 29350K .......... .......... .......... .......... .......... 93% 1.04M 1s
 29400K .......... .......... .......... .......... .......... 93%  912K 1s
 29450K .......... .......... .......... .......... .......... 94% 1.07M 1s
 29500K .......... .......... .......... .......... .......... 94% 1.53M 1s
 29550K .......... .......... .......... .......... .......... 94% 1.37M 1s
 29600K .......... .......... .......... .......... .......... 94% 1.59M 1s
 29650K .......... .......... .......... .......... .......... 94% 1.95M 1s
 29700K .......... .......... .......... .......... .......... 94% 1.44M 1s
 29750K .......... .......... .......... .......... .......... 95% 1.24M 1s
 29800K .......... .......... .......... .......... .......... 95% 1.43M 1s
 29850K .......... .......... .......... .......... .......... 95% 1.07M 1s
 29900K .......... .......... .......... .......... .......... 95% 1.13M 1s
 29950K .......... .......... .......... .......... .......... 95% 1.26M 1s
 30000K .......... .......... .......... .......... .......... 95% 2.08M 1s
 30050K .......... .......... .......... .......... .......... 95% 1.93M 1s
 30100K .......... .......... .......... .......... .......... 96% 2.78M 1s
 30150K .......... .......... .......... .......... .......... 96% 2.10M 1s
 30200K .......... .......... .......... .......... .......... 96% 2.74M 1s
 30250K .......... .......... .......... .......... .......... 96% 1.04M 1s
 30300K .......... .......... .......... .......... .......... 96% 3.01M 1s
 30350K .......... .......... .......... .......... .......... 96% 1.43M 1s
 30400K .......... .......... .......... .......... .......... 97% 1.68M 1s
 30450K .......... .......... .......... .......... .......... 97% 1.60M 1s
 30500K .......... .......... .......... .......... .......... 97% 4.68M 1s
 30550K .......... .......... .......... .......... .......... 97% 2.30M 1s
 30600K .......... .......... .......... .......... .......... 97% 2.88M 1s
 30650K .......... .......... .......... .......... .......... 97% 1.64M 0s
 30700K .......... .......... .......... .......... .......... 98% 2.36M 0s
 30750K .......... .......... .......... .......... .......... 98% 1.55M 0s
 30800K .......... .......... .......... .......... .......... 98% 2.07M 0s
 30850K .......... .......... .......... .......... .......... 98% 1.95M 0s
 30900K .......... .......... .......... .......... .......... 98% 2.19M 0s
 30950K .......... .......... .......... .......... .......... 98% 3.19M 0s
 31000K .......... .......... .......... .......... .......... 98% 1.46M 0s
 31050K .......... .......... .......... .......... .......... 99% 1.41M 0s
 31100K .......... .......... .......... .......... .......... 99% 1.48M 0s
 31150K .......... .......... .......... .......... .......... 99% 1.95M 0s
 31200K .......... .......... .......... .......... .......... 99% 1.09M 0s
 31250K .......... .......... .......... .......... .......... 99% 1.38M 0s
 31300K .......... .......... .......... .......... .......... 99% 1.08M 0s
 31350K .......... ....                                       100%  550K=23s

✓ MD5 verified
Extracting...
✓ Extracted 1084 MIDI files

Emotion class distribution (from filename):
  Q1 (HAHV (High Arousal, High Valence)): 246
  Q2 (HALV (High Arousal, Low Valence)): 263
  Q3 (LAHV (Low Arousal, High Valence)): 253
  Q4 (LALV (Low Arousal, Low Valence)): 309

✓ EMOPIA download complete!
